IP Generator (Version 2022.2-SP1.2 build 119398)
Check out license ...
Start generating at 2023-03-21 14:25
Instance: rd_fram_buf (C:\Users\w\Desktop\HDMI_DDR3_OV5647_test\10_HDMI_DDR3_OV5647_test\ipcore\rd_fram_buf\rd_fram_buf.idf)
IP: Pango DRM Based Simple Dual Port RAM (1.6)
Part: Logos-PGL50H-FBG484--6
Create directory 'rtl' ...
Copy 'rtl\ipml_sdpram_v1_6.v.xml' to 'rtl' ...
Compile file 'rtl\ipml_sdpram_v1_6.v.xml' to 'rtl\ipml_sdpram_v1_6_rd_fram_buf.v' ...
Copy 'ipml_sdpram_wrapper_v1_6.v.xml' ...
Compile file 'ipml_sdpram_wrapper_v1_6.v.xml' to 'rd_fram_buf.v' ...
Found top module 'rd_fram_buf' in file 'rd_fram_buf.v'.
Copy 'ipml_sdpram_wrapper_v1_3_tb.v.xml' ...
Compile file 'ipml_sdpram_wrapper_v1_3_tb.v.xml' to 'rd_fram_buf_tb.v' ...
Copy 'init_param_bin_exmp.dat' ...
Copy 'init_param_hex_exmp.dat' ...
Run file 'createParam.tcl' ...
Create template file 'rd_fram_buf_tmpl.v' ...
Create template file 'rd_fram_buf_tmpl.vhdl' ...
There are 2 source files to synthesize.
Synthesis is disabled.
Done: 0 error(s), 0 warning(s)
